<?xml version="1.0" encoding="UTF-8"?>
<!-- Generated by org.testng.reporters.JUnitXMLReporter -->
<testsuite hostname="DIN69001184" ignored="0" name="LoginTest" tests="1" failures="1" timestamp="08 May 2019 10:14:02 GMT" time="12.58" errors="0">
  <testcase name="loginPageTitleTest" time="0.124" classname="com.crm.qa.testcases.LoginPageTest">
    <failure type="java.lang.AssertionError" message="expected [#1 Free CRM for Any Business: Online Customer Relationship Software] but found [#1 Free CRM software in the Cloud FreeCRM]">
      <![CDATA[java.lang.AssertionError: expected [#1 Free CRM for Any Business: Online Customer Relationship Software] but found [#1 Free CRM software in the Cloud FreeCRM]
	at com.crm.qa.testcases.LoginPageTest.loginPageTitleTest(LoginPageTest.java:30)
... Removed 31 stack frames]]>
    </failure>
  </testcase> <!-- loginPageTitleTest -->
</testsuite> <!-- LoginTest -->
